{
  "stats": {
    "suites": 3,
    "tests": 4,
    "passes": 3,
    "pending": 0,
    "failures": 1,
    "start": "2022-01-24T18:11:24.540Z",
    "end": "2022-01-24T18:12:11.483Z",
    "duration": 46943,
    "testsRegistered": 4,
    "passPercent": 75,
    "pendingPercent": 0,
    "other": 0,
    "hasOther": false,
    "skipped": 0,
    "hasSkipped": false
  },
  "results": [
    {
      "uuid": "b17bf0ad-f1e0-4e7f-a82b-438f397d2557",
      "title": "",
      "fullFile": "",
      "file": "",
      "beforeHooks": [],
      "afterHooks": [],
      "tests": [],
      "suites": [
        {
          "uuid": "2b81a296-23f7-4210-b019-553ada9d9158",
          "title": "Business rules",
          "fullFile": "C:\\Users\\roger\\Desktop\\JavaScript\\Curso CodeceptJS e Appium\\features\\basic.feature",
          "file": "\\features\\basic.feature",
          "beforeHooks": [
            {
              "title": "\"before all\" hook: codeceptjs.beforeSuite in \"Business rules\"",
              "fullTitle": "Business rules \"before all\" hook: codeceptjs.beforeSuite in \"Business rules\"",
              "timedOut": false,
              "duration": 1,
              "state": null,
              "speed": null,
              "pass": false,
              "fail": false,
              "pending": false,
              "context": null,
              "code": "scenario.suiteSetup(suite)",
              "err": {},
              "uuid": "f7584ad2-731b-4fd5-af5a-9e079c7471f7",
              "parentUUID": "2b81a296-23f7-4210-b019-553ada9d9158",
              "isHook": true,
              "skipped": false
            },
            {
              "title": "\"before each\" hook: codeceptjs.before in \"Business rules\"",
              "fullTitle": "Business rules \"before each\" hook: codeceptjs.before in \"Business rules\"",
              "timedOut": false,
              "duration": 5062,
              "state": null,
              "speed": null,
              "pass": false,
              "fail": false,
              "pending": false,
              "context": null,
              "code": "scenario.setup(suite)",
              "err": {},
              "uuid": "15558bba-1220-481d-b29b-0914e7e25e23",
              "parentUUID": "2b81a296-23f7-4210-b019-553ada9d9158",
              "isHook": true,
              "skipped": false
            }
          ],
          "afterHooks": [
            {
              "title": "\"after all\" hook: codeceptjs.afterSuite in \"Business rules\"",
              "fullTitle": "Business rules \"after all\" hook: codeceptjs.afterSuite in \"Business rules\"",
              "timedOut": false,
              "duration": 0,
              "state": null,
              "speed": null,
              "pass": false,
              "fail": false,
              "pending": false,
              "context": null,
              "code": "scenario.suiteTeardown(suite)",
              "err": {},
              "uuid": "528154e0-f9f2-43ff-a6ea-d5f44ad3978d",
              "parentUUID": "2b81a296-23f7-4210-b019-553ada9d9158",
              "isHook": true,
              "skipped": false
            },
            {
              "title": "\"after each\" hook: codeceptjs.after in \"Business rules\"",
              "fullTitle": "Business rules \"after each\" hook: codeceptjs.after in \"Business rules\"",
              "timedOut": false,
              "duration": 297,
              "state": null,
              "speed": null,
              "pass": false,
              "fail": false,
              "pending": false,
              "context": null,
              "code": "scenario.teardown(suite)",
              "err": {},
              "uuid": "749bcaff-cc3f-44d3-983a-a61f0c7075db",
              "parentUUID": "2b81a296-23f7-4210-b019-553ada9d9158",
              "isHook": true,
              "skipped": false
            }
          ],
          "tests": [
            {
              "title": "do login",
              "fullTitle": "Business rules do login",
              "timedOut": false,
              "duration": 4415,
              "state": "failed",
              "speed": null,
              "pass": false,
              "fail": true,
              "pending": false,
              "context": null,
              "code": "runSteps(child.steps)",
              "err": {
                "message": "TypeError: Cannot read properties of undefined (reading 'loginFail')",
                "estack": "TypeError: Cannot read properties of undefined (reading 'loginFail')\n    at C:\\Users\\roger\\Desktop\\JavaScript\\Curso CodeceptJS e Appium\\step_definitions\\steps.js:17:34\n    at runSteps (node_modules\\codeceptjs\\lib\\interfaces\\gherkin.js:62:15)\n    at processTicksAndRejections (node:internal/process/task_queues:96:5)",
                "diff": null
              },
              "uuid": "cc870915-746c-467e-949a-01afbaeeed4a",
              "parentUUID": "2b81a296-23f7-4210-b019-553ada9d9158",
              "isHook": false,
              "skipped": false
            }
          ],
          "suites": [],
          "passes": [],
          "failures": [
            "cc870915-746c-467e-949a-01afbaeeed4a"
          ],
          "pending": [],
          "skipped": [],
          "duration": 4415,
          "root": false,
          "rootEmpty": false,
          "_timeout": 0
        },
        {
          "uuid": "1de6b6fe-0f99-40bf-9083-30791c2e61bb",
          "title": "login",
          "fullFile": "C:\\Users\\roger\\Desktop\\JavaScript\\Curso CodeceptJS e Appium\\tests\\login_test.js",
          "file": "\\tests\\login_test.js",
          "beforeHooks": [
            {
              "title": "\"before all\" hook: codeceptjs.beforeSuite in \"login\"",
              "fullTitle": "login \"before all\" hook: codeceptjs.beforeSuite in \"login\"",
              "timedOut": false,
              "duration": 1,
              "state": null,
              "speed": null,
              "pass": false,
              "fail": false,
              "pending": false,
              "context": null,
              "code": "scenario.suiteSetup(suite)",
              "err": {},
              "uuid": "4017db89-2dce-4643-9217-47ada7d9e59b",
              "parentUUID": "1de6b6fe-0f99-40bf-9083-30791c2e61bb",
              "isHook": true,
              "skipped": false
            },
            {
              "title": "\"before all\" hook: BeforeSuite in \"login\"",
              "fullTitle": "login \"before all\" hook: BeforeSuite in \"login\"",
              "timedOut": false,
              "duration": 3,
              "state": null,
              "speed": null,
              "pass": false,
              "fail": false,
              "pending": false,
              "context": null,
              "code": "console.log('Before Suite')",
              "err": {},
              "uuid": "b5b95b25-f241-46fa-a056-bc0725799591",
              "parentUUID": "1de6b6fe-0f99-40bf-9083-30791c2e61bb",
              "isHook": true,
              "skipped": false
            },
            {
              "title": "\"before each\" hook: codeceptjs.before in \"login\"",
              "fullTitle": "login \"before each\" hook: codeceptjs.before in \"login\"",
              "timedOut": false,
              "duration": 4747,
              "state": null,
              "speed": null,
              "pass": false,
              "fail": false,
              "pending": false,
              "context": null,
              "code": "scenario.setup(suite)",
              "err": {},
              "uuid": "dfa62f5f-4e33-4499-97db-c7336a26b512",
              "parentUUID": "1de6b6fe-0f99-40bf-9083-30791c2e61bb",
              "isHook": true,
              "skipped": false
            },
            {
              "title": "\"before each\" hook: Before in \"login\"",
              "fullTitle": "login \"before each\" hook: Before in \"login\"",
              "timedOut": false,
              "duration": 1,
              "state": null,
              "speed": null,
              "pass": false,
              "fail": false,
              "pending": false,
              "context": null,
              "code": "console.log('Before Scenario')",
              "err": {},
              "uuid": "b799bccb-f109-456e-b3cd-e9841762348a",
              "parentUUID": "1de6b6fe-0f99-40bf-9083-30791c2e61bb",
              "isHook": true,
              "skipped": false
            }
          ],
          "afterHooks": [
            {
              "title": "\"after all\" hook: AfterSuite in \"login\"",
              "fullTitle": "login \"after all\" hook: AfterSuite in \"login\"",
              "timedOut": false,
              "duration": 1,
              "state": null,
              "speed": null,
              "pass": false,
              "fail": false,
              "pending": false,
              "context": null,
              "code": "console.log('After Suite')",
              "err": {},
              "uuid": "df3b39c1-738e-4445-93b2-e803b0d90e27",
              "parentUUID": "1de6b6fe-0f99-40bf-9083-30791c2e61bb",
              "isHook": true,
              "skipped": false
            },
            {
              "title": "\"after all\" hook: codeceptjs.afterSuite in \"login\"",
              "fullTitle": "login \"after all\" hook: codeceptjs.afterSuite in \"login\"",
              "timedOut": false,
              "duration": 0,
              "state": null,
              "speed": null,
              "pass": false,
              "fail": false,
              "pending": false,
              "context": null,
              "code": "scenario.suiteTeardown(suite)",
              "err": {},
              "uuid": "06b06730-fb8b-48b4-88bd-6af95ac0d02b",
              "parentUUID": "1de6b6fe-0f99-40bf-9083-30791c2e61bb",
              "isHook": true,
              "skipped": false
            },
            {
              "title": "\"after each\" hook: After in \"login\"",
              "fullTitle": "login \"after each\" hook: After in \"login\"",
              "timedOut": false,
              "duration": 0,
              "state": null,
              "speed": null,
              "pass": false,
              "fail": false,
              "pending": false,
              "context": null,
              "code": "console.log('After Scenario')",
              "err": {},
              "uuid": "ff02d3a8-2b3f-432f-8ab1-78d12dc147d2",
              "parentUUID": "1de6b6fe-0f99-40bf-9083-30791c2e61bb",
              "isHook": true,
              "skipped": false
            },
            {
              "title": "\"after each\" hook: finalize codeceptjs in \"login\"",
              "fullTitle": "login \"after each\" hook: finalize codeceptjs in \"login\"",
              "timedOut": false,
              "duration": 218,
              "state": null,
              "speed": null,
              "pass": false,
              "fail": false,
              "pending": false,
              "context": null,
              "code": "scenario.teardown(suite)",
              "err": {},
              "uuid": "d2096cd4-7563-4f35-89ef-4761108677b9",
              "parentUUID": "1de6b6fe-0f99-40bf-9083-30791c2e61bb",
              "isHook": true,
              "skipped": false
            }
          ],
          "tests": [
            {
              "title": "Login test",
              "fullTitle": "login: Login test",
              "timedOut": false,
              "duration": 5661,
              "state": "passed",
              "speed": "slow",
              "pass": true,
              "fail": false,
              "pending": false,
              "context": null,
              "code": "homePage } ) => {\n    loginPage.fazerLogin('teste@teste.com', '123456')\n    homePage.checarLoginSucesso()",
              "err": {},
              "uuid": "c5d94039-d1fd-4f50-8456-7fc377692df4",
              "parentUUID": "1de6b6fe-0f99-40bf-9083-30791c2e61bb",
              "isHook": false,
              "skipped": false
            },
            {
              "title": "Login test with failure",
              "fullTitle": "login: Login test with failure",
              "timedOut": false,
              "duration": 4897,
              "state": "passed",
              "speed": "slow",
              "pass": true,
              "fail": false,
              "pending": false,
              "context": null,
              "code": "loginPage.fazerLogin('xteste@teste.com', '123456')\n    loginPage.checarLoginFalha()",
              "err": {},
              "uuid": "02000f84-14be-4d69-a1ec-c7c0d109a7a9",
              "parentUUID": "1de6b6fe-0f99-40bf-9083-30791c2e61bb",
              "isHook": false,
              "skipped": false
            }
          ],
          "suites": [],
          "passes": [
            "c5d94039-d1fd-4f50-8456-7fc377692df4",
            "02000f84-14be-4d69-a1ec-c7c0d109a7a9"
          ],
          "failures": [],
          "pending": [],
          "skipped": [],
          "duration": 10558,
          "root": false,
          "rootEmpty": false,
          "_timeout": 0
        },
        {
          "uuid": "fd915a39-9405-44b5-8328-86105589fb72",
          "title": "students",
          "fullFile": "C:\\Users\\roger\\Desktop\\JavaScript\\Curso CodeceptJS e Appium\\tests\\students_test.js",
          "file": "\\tests\\students_test.js",
          "beforeHooks": [
            {
              "title": "\"before all\" hook: codeceptjs.beforeSuite in \"students\"",
              "fullTitle": "students \"before all\" hook: codeceptjs.beforeSuite in \"students\"",
              "timedOut": false,
              "duration": 0,
              "state": null,
              "speed": null,
              "pass": false,
              "fail": false,
              "pending": false,
              "context": null,
              "code": "scenario.suiteSetup(suite)",
              "err": {},
              "uuid": "f1457d7f-89e4-475e-8abd-866b30e21dab",
              "parentUUID": "fd915a39-9405-44b5-8328-86105589fb72",
              "isHook": true,
              "skipped": false
            },
            {
              "title": "\"before each\" hook: codeceptjs.before in \"students\"",
              "fullTitle": "students \"before each\" hook: codeceptjs.before in \"students\"",
              "timedOut": false,
              "duration": 4858,
              "state": null,
              "speed": null,
              "pass": false,
              "fail": false,
              "pending": false,
              "context": null,
              "code": "scenario.setup(suite)",
              "err": {},
              "uuid": "3f5d7c95-167f-45db-bde6-41285333e3e8",
              "parentUUID": "fd915a39-9405-44b5-8328-86105589fb72",
              "isHook": true,
              "skipped": false
            }
          ],
          "afterHooks": [
            {
              "title": "\"after all\" hook: codeceptjs.afterSuite in \"students\"",
              "fullTitle": "students \"after all\" hook: codeceptjs.afterSuite in \"students\"",
              "timedOut": false,
              "duration": 1,
              "state": null,
              "speed": null,
              "pass": false,
              "fail": false,
              "pending": false,
              "context": null,
              "code": "scenario.suiteTeardown(suite)",
              "err": {},
              "uuid": "bfa5f287-3d90-48e9-bb4f-f53b25fb3466",
              "parentUUID": "fd915a39-9405-44b5-8328-86105589fb72",
              "isHook": true,
              "skipped": false
            },
            {
              "title": "\"after each\" hook: finalize codeceptjs in \"students\"",
              "fullTitle": "students \"after each\" hook: finalize codeceptjs in \"students\"",
              "timedOut": false,
              "duration": 326,
              "state": null,
              "speed": null,
              "pass": false,
              "fail": false,
              "pending": false,
              "context": null,
              "code": "scenario.teardown(suite)",
              "err": {},
              "uuid": "245c98e0-e9cf-4172-8d11-618fa1fd5379",
              "parentUUID": "fd915a39-9405-44b5-8328-86105589fb72",
              "isHook": true,
              "skipped": false
            }
          ],
          "tests": [
            {
              "title": "Create student with success",
              "fullTitle": "students: Create student with success",
              "timedOut": false,
              "duration": 11224,
              "state": "passed",
              "speed": "slow",
              "pass": true,
              "fail": false,
              "pending": false,
              "context": null,
              "code": "homePage }) => {\n    loginPage.fazerLogin('teste@teste.com', '123456')\n    homePage.checarLoginSucesso()\n    homePage.registrarEstudante('9090', 'Rogério Zolly')\n    homePage.pesquisaEstudante('9090', 'Rogério Zolly')",
              "err": {},
              "uuid": "c3c4765d-4b62-40f2-a808-a5b3a9622f27",
              "parentUUID": "fd915a39-9405-44b5-8328-86105589fb72",
              "isHook": false,
              "skipped": false
            }
          ],
          "suites": [],
          "passes": [
            "c3c4765d-4b62-40f2-a808-a5b3a9622f27"
          ],
          "failures": [],
          "pending": [],
          "skipped": [],
          "duration": 11224,
          "root": false,
          "rootEmpty": false,
          "_timeout": 0
        }
      ],
      "passes": [],
      "failures": [],
      "pending": [],
      "skipped": [],
      "duration": 0,
      "root": true,
      "rootEmpty": true,
      "_timeout": 0
    }
  ],
  "meta": {
    "mocha": {
      "version": "8.1.3"
    },
    "mochawesome": {
      "options": {
        "quiet": false,
        "reportFilename": "mochawesome",
        "saveHtml": true,
        "saveJson": true,
        "consoleReporter": "spec",
        "useInlineDiffs": false,
        "code": true
      },
      "version": "7.0.1"
    },
    "marge": {
      "options": {},
      "version": "6.0.1"
    }
  }
}